<?xml version="1.0" encoding="UTF-8"?>
<testsuite name="com.example.interviewPrep.quiz.Question.controller.QuestionCreateWebControllerTest" tests="1" skipped="0" failures="0" errors="0" timestamp="2022-11-01T15:41:51" hostname="LAPTOP-3N10QD8H" time="0.838">
  <properties/>
  <testcase name="Question 생성" classname="com.example.interviewPrep.quiz.Question.controller.QuestionCreateWebControllerTest" time="0.838"/>
  <system-out><![CDATA[00:41:40.607 [Test worker] DEBUG org.springframework.test.context.BootstrapUtils - Instantiating CacheAwareContextLoaderDelegate from class [org.springframework.test.context.cache.DefaultCacheAwareContextLoaderDelegate]
00:41:40.640 [Test worker] DEBUG org.springframework.test.context.BootstrapUtils - Instantiating BootstrapContext using constructor [public org.springframework.test.context.support.DefaultBootstrapContext(java.lang.Class,org.springframework.test.context.CacheAwareContextLoaderDelegate)]
00:41:40.715 [Test worker] DEBUG org.springframework.test.context.BootstrapUtils - Instantiating TestContextBootstrapper for test class [com.example.interviewPrep.quiz.Question.controller.QuestionCreateWebControllerTest] from class [org.springframework.boot.test.autoconfigure.web.servlet.WebMvcTestContextBootstrapper]
00:41:40.762 [Test worker] INFO org.springframework.boot.test.autoconfigure.web.servlet.WebMvcTestContextBootstrapper - Neither @ContextConfiguration nor @ContextHierarchy found for test class [com.example.interviewPrep.quiz.Question.controller.QuestionCreateWebControllerTest], using SpringBootContextLoader
00:41:40.776 [Test worker] DEBUG org.springframework.test.context.support.AbstractContextLoader - Did not detect default resource location for test class [com.example.interviewPrep.quiz.Question.controller.QuestionCreateWebControllerTest]: class path resource [com/example/interviewPrep/quiz/Question/controller/QuestionCreateWebControllerTest-context.xml] does not exist
00:41:40.779 [Test worker] DEBUG org.springframework.test.context.support.AbstractContextLoader - Did not detect default resource location for test class [com.example.interviewPrep.quiz.Question.controller.QuestionCreateWebControllerTest]: class path resource [com/example/interviewPrep/quiz/Question/controller/QuestionCreateWebControllerTestContext.groovy] does not exist
00:41:40.779 [Test worker] INFO org.springframework.test.context.support.AbstractContextLoader - Could not detect default resource locations for test class [com.example.interviewPrep.quiz.Question.controller.QuestionCreateWebControllerTest]: no resource found for suffixes {-context.xml, Context.groovy}.
00:41:40.781 [Test worker] INFO org.springframework.test.context.support.AnnotationConfigContextLoaderUtils - Could not detect default configuration classes for test class [com.example.interviewPrep.quiz.Question.controller.QuestionCreateWebControllerTest]: QuestionCreateWebControllerTest does not declare any static, non-private, non-final, nested classes annotated with @Configuration.
00:41:41.063 [Test worker] DEBUG org.springframework.test.context.support.ActiveProfilesUtils - Could not find an 'annotation declaring class' for annotation type [org.springframework.test.context.ActiveProfiles] and class [com.example.interviewPrep.quiz.Question.controller.QuestionCreateWebControllerTest]
00:41:41.320 [Test worker] DEBUG org.springframework.context.annotation.ClassPathScanningCandidateComponentProvider - Identified candidate component class: file [C:\interviewPrep\backend\build\classes\java\main\com\example\interviewPrep\InterviewPrepApplication.class]
00:41:41.324 [Test worker] INFO org.springframework.boot.test.context.SpringBootTestContextBootstrapper - Found @SpringBootConfiguration com.example.interviewPrep.InterviewPrepApplication for test class com.example.interviewPrep.quiz.Question.controller.QuestionCreateWebControllerTest
00:41:41.331 [Test worker] DEBUG org.springframework.boot.test.autoconfigure.web.servlet.WebMvcTestContextBootstrapper - @TestExecutionListeners is not present for class [com.example.interviewPrep.quiz.Question.controller.QuestionCreateWebControllerTest]: using defaults.
00:41:41.333 [Test worker] INFO org.springframework.boot.test.autoconfigure.web.servlet.WebMvcTestContextBootstrapper - Loaded default TestExecutionListener class names from location [META-INF/spring.factories]: [org.springframework.security.test.context.support.WithSecurityContextTestExecutionListener, org.springframework.security.test.context.support.ReactorContextTestExecutionListener, org.springframework.boot.test.autoconfigure.restdocs.RestDocsTestExecutionListener, org.springframework.boot.test.autoconfigure.web.client.MockRestServiceServerResetTestExecutionListener, org.springframework.boot.test.autoconfigure.web.servlet.MockMvcPrintOnlyOnFailureTestExecutionListener, org.springframework.boot.test.autoconfigure.web.servlet.WebDriverTestExecutionListener, org.springframework.boot.test.autoconfigure.webservices.client.MockWebServiceServerTestExecutionListener, org.springframework.boot.test.mock.mockito.MockitoTestExecutionListener, org.springframework.boot.test.mock.mockito.ResetMocksTestExecutionListener, org.springframework.test.context.web.ServletTestExecutionListener, org.springframework.test.context.support.DirtiesContextBeforeModesTestExecutionListener, org.springframework.test.context.support.DependencyInjectionTestExecutionListener, org.springframework.test.context.support.DirtiesContextTestExecutionListener, org.springframework.test.context.transaction.TransactionalTestExecutionListener, org.springframework.test.context.jdbc.SqlScriptsTestExecutionListener, org.springframework.test.context.event.EventPublishingTestExecutionListener]
00:41:41.388 [Test worker] INFO org.springframework.boot.test.autoconfigure.web.servlet.WebMvcTestContextBootstrapper - Using TestExecutionListeners: [org.springframework.test.context.web.ServletTestExecutionListener@3039e1e1, org.springframework.test.context.support.DirtiesContextBeforeModesTestExecutionListener@162b789e, org.springframework.boot.test.mock.mockito.MockitoTestExecutionListener@6940d425, org.springframework.boot.test.autoconfigure.SpringBootDependencyInjectionTestExecutionListener@6355e5ad, org.springframework.test.context.support.DirtiesContextTestExecutionListener@1c9c36cf, org.springframework.test.context.transaction.TransactionalTestExecutionListener@513e424a, org.springframework.test.context.jdbc.SqlScriptsTestExecutionListener@3eb045b4, org.springframework.security.test.context.support.WithSecurityContextTestExecutionListener@7204a742, org.springframework.test.context.event.EventPublishingTestExecutionListener@f53cd83, org.springframework.security.test.context.support.ReactorContextTestExecutionListener@2c5cf231, org.springframework.boot.test.autoconfigure.restdocs.RestDocsTestExecutionListener@10fd8feb, org.springframework.boot.test.autoconfigure.web.client.MockRestServiceServerResetTestExecutionListener@47940401, org.springframework.boot.test.autoconfigure.web.servlet.MockMvcPrintOnlyOnFailureTestExecutionListener@563ae6a5, org.springframework.boot.test.autoconfigure.web.servlet.WebDriverTestExecutionListener@1d3c4b29, org.springframework.boot.test.autoconfigure.webservices.client.MockWebServiceServerTestExecutionListener@61421db2, org.springframework.boot.test.mock.mockito.ResetMocksTestExecutionListener@611b997]
00:41:41.400 [Test worker] DEBUG org.springframework.test.context.support.AbstractDirtiesContextTestExecutionListener - Before test class: context [DefaultTestContext@10f04d47 testClass = QuestionCreateWebControllerTest, testInstance = [null], testMethod = [null], testException = [null], mergedContextConfiguration = [WebMergedContextConfiguration@6b7a2d29 testClass = QuestionCreateWebControllerTest, locations = '{}', classes = '{class com.example.interviewPrep.InterviewPrepApplication}', contextInitializerClasses = '[]', activeProfiles = '{}', propertySourceLocations = '{}', propertySourceProperties = '{org.springframework.boot.test.autoconfigure.web.servlet.WebMvcTestContextBootstrapper=true}', contextCustomizers = set[org.springframework.boot.test.autoconfigure.OverrideAutoConfigurationContextCustomizerFactory$DisableAutoConfigurationContextCustomizer@6d5a64f9, org.springframework.boot.test.autoconfigure.filter.TypeExcludeFiltersContextCustomizer@848a803c, org.springframework.boot.test.autoconfigure.properties.PropertyMappingContextCustomizer@1805913b, org.springframework.boot.test.autoconfigure.web.servlet.WebDriverContextCustomizerFactory$Customizer@352236ad, [ImportsContextCustomizer@3bac266e key = [org.springframework.boot.autoconfigure.cache.CacheAutoConfiguration, org.springframework.boot.autoconfigure.context.MessageSourceAutoConfiguration, org.springframework.boot.autoconfigure.data.web.SpringDataWebAutoConfiguration, org.springframework.boot.autoconfigure.freemarker.FreeMarkerAutoConfiguration, org.springframework.boot.autoconfigure.groovy.template.GroovyTemplateAutoConfiguration, org.springframework.boot.autoconfigure.gson.GsonAutoConfiguration, org.springframework.boot.autoconfigure.hateoas.HypermediaAutoConfiguration, org.springframework.boot.autoconfigure.http.HttpMessageConvertersAutoConfiguration, org.springframework.boot.autoconfigure.jackson.JacksonAutoConfiguration, org.springframework.boot.autoconfigure.jsonb.JsonbAutoConfiguration, org.springframework.boot.autoconfigure.mustache.MustacheAutoConfiguration, org.springframework.boot.autoconfigure.task.TaskExecutionAutoConfiguration, org.springframework.boot.autoconfigure.thymeleaf.ThymeleafAutoConfiguration, org.springframework.boot.autoconfigure.validation.ValidationAutoConfiguration, org.springframework.boot.autoconfigure.web.servlet.error.ErrorMvcAutoConfiguration, org.springframework.boot.autoconfigure.web.servlet.HttpEncodingAutoConfiguration, org.springframework.boot.autoconfigure.web.servlet.WebMvcAutoConfiguration, org.springframework.boot.test.autoconfigure.web.servlet.MockMvcAutoConfiguration, org.springframework.boot.test.autoconfigure.web.servlet.MockMvcWebClientAutoConfiguration, org.springframework.boot.test.autoconfigure.web.servlet.MockMvcWebDriverAutoConfiguration, org.springframework.boot.autoconfigure.security.oauth2.client.servlet.OAuth2ClientAutoConfiguration, org.springframework.boot.autoconfigure.security.oauth2.resource.servlet.OAuth2ResourceServerAutoConfiguration, org.springframework.boot.autoconfigure.security.servlet.SecurityAutoConfiguration, org.springframework.boot.autoconfigure.security.servlet.SecurityFilterAutoConfiguration, org.springframework.boot.autoconfigure.security.servlet.UserDetailsServiceAutoConfiguration, org.springframework.boot.test.autoconfigure.web.servlet.MockMvcSecurityConfiguration]], org.springframework.boot.test.context.filter.ExcludeFilterContextCustomizer@5f9f0d27, org.springframework.boot.test.json.DuplicateJsonObjectContextCustomizerFactory$DuplicateJsonObjectContextCustomizer@7b640373, org.springframework.boot.test.mock.mockito.MockitoContextCustomizer@6c27af28, org.springframework.boot.test.context.SpringBootTestArgs@1, org.springframework.boot.test.context.SpringBootTestWebEnvironment@0], resourceBasePath = 'src/main/webapp', contextLoader = 'org.springframework.boot.test.context.SpringBootContextLoader', parent = [null]], attributes = map[[empty]]], class annotated with @DirtiesContext [false] with mode [null].
00:41:41.509 [Test worker] DEBUG org.springframework.test.context.support.TestPropertySourceUtils - Adding inlined properties to environment: {spring.jmx.enabled=false, org.springframework.boot.test.autoconfigure.web.servlet.WebMvcTestContextBootstrapper=true}

  .   ____          _            __ _ _
 /\\ / ___'_ __ _ _(_)_ __  __ _ \ \ \ \
( ( )\___ | '_ | '_| | '_ \/ _` | \ \ \ \
 \\/  ___)| |_)| | | | | || (_| |  ) ) ) )
  '  |____| .__|_| |_|_| |_\__, | / / / /
 =========|_|==============|___/=/_/_/_/
 :: Spring Boot ::        (v2.3.5.RELEASE)

2022-11-02 00:41:42.869  WARN 18056 --- [    Test worker] ory$DuplicateJsonObjectContextCustomizer : 

Found multiple occurrences of org.json.JSONObject on the class path:

	jar:file:/C:/Users/lst55/.gradle/caches/modules-2/files-2.1/org.json/json/20090211/c183aa3a2a6250293808bba12262c8920ce5a51c/json-20090211.jar!/org/json/JSONObject.class
	jar:file:/C:/Users/lst55/.gradle/caches/modules-2/files-2.1/com.vaadin.external.google/android-json/0.0.20131108.vaadin1/fa26d351fe62a6a17f5cda1287c1c6110dec413f/android-json-0.0.20131108.vaadin1.jar!/org/json/JSONObject.class

You may wish to exclude one of them to ensure predictable runtime behavior

2022-11-02 00:41:42.903  INFO 18056 --- [    Test worker] .i.q.Q.c.QuestionCreateWebControllerTest : Starting QuestionCreateWebControllerTest on LAPTOP-3N10QD8H with PID 18056 (started by lst55 in C:\interviewPrep\backend)
2022-11-02 00:41:42.904  INFO 18056 --- [    Test worker] .i.q.Q.c.QuestionCreateWebControllerTest : The following profiles are active: oauth
2022-11-02 00:41:48.796  INFO 18056 --- [    Test worker] o.s.s.web.DefaultSecurityFilterChain     : Creating filter chain: any request, [org.springframework.security.web.context.request.async.WebAsyncManagerIntegrationFilter@1cbdd76f, org.springframework.security.web.context.SecurityContextPersistenceFilter@40749f04, org.springframework.security.web.header.HeaderWriterFilter@e6f67df, org.springframework.web.filter.CorsFilter@5def752a, org.springframework.security.web.authentication.logout.LogoutFilter@759402e7, org.springframework.security.oauth2.client.web.OAuth2AuthorizationRequestRedirectFilter@6f87375, org.springframework.security.oauth2.client.web.OAuth2LoginAuthenticationFilter@70432692, org.springframework.security.web.authentication.ui.DefaultLoginPageGeneratingFilter@13e3e373, org.springframework.security.web.authentication.ui.DefaultLogoutPageGeneratingFilter@df35a22, org.springframework.security.web.savedrequest.RequestCacheAwareFilter@f97563e, org.springframework.security.web.servletapi.SecurityContextHolderAwareRequestFilter@24056d76, org.springframework.security.web.authentication.AnonymousAuthenticationFilter@45de5745, org.springframework.security.web.session.SessionManagementFilter@2194a168, org.springframework.security.web.access.ExceptionTranslationFilter@27cc9a3a, org.springframework.security.web.access.intercept.FilterSecurityInterceptor@2dbbfe7]
2022-11-02 00:41:50.064  INFO 18056 --- [    Test worker] o.s.s.concurrent.ThreadPoolTaskExecutor  : Initializing ExecutorService 'applicationTaskExecutor'
2022-11-02 00:41:50.331  INFO 18056 --- [    Test worker] o.s.b.a.w.s.WelcomePageHandlerMapping    : Adding welcome page template: index
2022-11-02 00:41:51.211  INFO 18056 --- [    Test worker] o.s.b.t.m.w.SpringBootMockServletContext : Initializing Spring TestDispatcherServlet ''
2022-11-02 00:41:51.211  INFO 18056 --- [    Test worker] o.s.t.web.servlet.TestDispatcherServlet  : Initializing Servlet ''
2022-11-02 00:41:51.244  INFO 18056 --- [    Test worker] o.s.t.web.servlet.TestDispatcherServlet  : Completed initialization in 33 ms
2022-11-02 00:41:51.340  INFO 18056 --- [    Test worker] .i.q.Q.c.QuestionCreateWebControllerTest : Started QuestionCreateWebControllerTest in 9.804 seconds (JVM running for 15.767)

MockHttpServletRequest:
      HTTP Method = POST
      Request URI = /question
       Parameters = {}
          Headers = [Content-Type:"application/json;charset=UTF-8", Accept:"application/json", Content-Length:"41"]
             Body = {"id":1,"title":"problem1","type":"java"}
    Session Attrs = {SPRING_SECURITY_CONTEXT=org.springframework.security.core.context.SecurityContextImpl@6f77f020: Authentication: org.springframework.security.oauth2.client.authentication.OAuth2AuthenticationToken@6f77f020: Principal: Name: [name], Granted Authorities: [[ROLE_USER]], User Attributes: [{name=name, email=my@default.email, picture=https://get_my_picture.com, username=username}]; Credentials: [PROTECTED]; Authenticated: true; Details: null; Granted Authorities: ROLE_USER}

Handler:
             Type = com.example.interviewPrep.quiz.controller.QuestionController
           Method = com.example.interviewPrep.quiz.controller.QuestionController#create(QuestionDTO)

Async:
    Async started = false
     Async result = null

Resolved Exception:
             Type = null

ModelAndView:
        View name = null
             View = null
            Model = null

FlashMap:
       Attributes = null

MockHttpServletResponse:
           Status = 201
    Error message = null
          Headers = [Vary:"Origin", "Access-Control-Request-Method", "Access-Control-Request-Headers", X-Content-Type-Options:"nosniff", X-XSS-Protection:"1; mode=block", Cache-Control:"no-cache, no-store, max-age=0, must-revalidate", Pragma:"no-cache", Expires:"0", X-Frame-Options:"DENY"]
     Content type = null
             Body = 
    Forwarded URL = null
   Redirected URL = null
          Cookies = []
]]></system-out>
  <system-err><![CDATA[]]></system-err>
</testsuite>
